#
# A fatal error has been detected by the Java Runtime Environment:
#
#  EXCEPTION_ACCESS_VIOLATION (0xc0000005) at pc=0x00000000027ef321, pid=3016, tid=6528
#
# JRE version: Java(TM) SE Runtime Environment (8.0_25-b18) (build 1.8.0_25-b18)
# Java VM: Java HotSpot(TM) 64-Bit Server VM (25.25-b02 mixed mode windows-amd64 compressed oops)
# Problematic frame:
# J 1171 C1 com.badlogic.gdx.physics.box2d.World.postSolve(JJ)V (41 bytes) @ 0x00000000027ef321 [0x00000000027ef2c0+0x61]
#
# Failed to write core dump. Minidumps are not enabled by default on client versions of Windows
#
# If you would like to submit a bug report, please visit:
#   http://bugreport.sun.com/bugreport/crash.jsp
# The crash happened outside the Java Virtual Machine in native code.
# See problematic frame for where to report the bug.
#

---------------  T H R E A D  ---------------

Current thread (0x0000000018aae800):  JavaThread "Thread-4" [_thread_in_native, id=6528, stack(0x000000001c130000,0x000000001c230000)]

siginfo: ExceptionCode=0xc0000005, writing address 0x0000000020000051

Registers:
RAX=0x0000000016ca1330, RBX=0x0000000016ca1330, RCX=0x000000001c22e2f0, RDX=0x00000000d638ff10
RSP=0x000000001c22e0c0, RBP=0x000000001c22e220, RSI=0x0000000020000041, RDI=0x00000000000000e8
R8 =0x000000001de3df10, R9 =0x000000001c22e710, R10=0x00000000023e0567, R11=0x00000000027ef2e0
R12=0x0000000000000000, R13=0x000000001c22e120, R14=0x000000001c22e2c8, R15=0x0000000018aae800
RIP=0x00000000027ef321, EFLAGS=0x0000000000010206

Top of Stack: (sp=0x000000001c22e0c0)
0x000000001c22e0c0:   00010202002b0000 0000000000000000
0x000000001c22e0d0:   0000000000000000 0000000000000000
0x000000001c22e0e0:   000000001c22eba0 000000001c22eba4
0x000000001c22e0f0:   0000000000000000 0000000000000000
0x000000001c22e100:   000000001c22e220 00000000023e061a
0x000000001c22e110:   0000014d6817aba2 00000000023e061a
0x000000001c22e120:   000000001c22e710 0000000000000000
0x000000001c22e130:   000000001de3df10 000000003c23d70a
0x000000001c22e140:   00000000d638ff10 0000000000000000
0x000000001c22e150:   0000000000000000 0000000000000000
0x000000001c22e160:   0000000000000000 0000000000000000
0x000000001c22e170:   0000000000000000 0000000000000000
0x000000001c22e180:   0000000000000000 0000000000000000
0x000000001c22e190:   0000000000000000 0000000042040000
0x000000001c22e1a0:   0000000000000000 000000003b45fe74
0x000000001c22e1b0:   0000000000000000 000000003f800000 

Instructions: (pc=0x00000000027ef321)
0x00000000027ef301:   dc 00 00 00 48 be 30 13 ca 16 00 00 00 00 81 e7
0x00000000027ef311:   f8 1f 00 00 83 ff 00 0f 84 12 01 00 00 8b 72 48
0x00000000027ef321:   4c 89 46 10 8b 7a 50 4c 89 4f 10 8b 5a 2c 48 83
0x00000000027ef331:   fb 00 48 b8 d0 d0 b9 1b 00 00 00 00 48 b9 08 01 


Register to memory mapping:

RAX={method} {0x0000000016ca1338} 'postSolve' '(JJ)V' in 'com/badlogic/gdx/physics/box2d/World'
RBX={method} {0x0000000016ca1338} 'postSolve' '(JJ)V' in 'com/badlogic/gdx/physics/box2d/World'
RCX=0x000000001c22e2f0 is pointing into the stack for thread: 0x0000000018aae800
RDX=0x00000000d638ff10 is an oop
java.lang.StackOverflowError 
 - klass: 'java/lang/StackOverflowError'
RSP=0x000000001c22e0c0 is pointing into the stack for thread: 0x0000000018aae800
RBP=0x000000001c22e220 is pointing into the stack for thread: 0x0000000018aae800
RSI=0x0000000020000041 is an unknown value
RDI=0x00000000000000e8 is an unknown value
R8 =0x000000001de3df10 is an unknown value
R9 =0x000000001c22e710 is pointing into the stack for thread: 0x0000000018aae800
R10=0x00000000023e0567 is at begin+0 in a stub
StubRoutines::call_stub [0x00000000023e0567, 0x00000000023e06cb[ (356 bytes)
R11=0x00000000027ef2e0 is at entry_point+32 in (nmethod*)0x00000000027ef150
R12=0x0000000000000000 is an unknown value
R13=0x000000001c22e120 is pointing into the stack for thread: 0x0000000018aae800
R14=0x000000001c22e2c8 is pointing into the stack for thread: 0x0000000018aae800
R15=0x0000000018aae800 is a thread


Stack: [0x000000001c130000,0x000000001c230000],  sp=0x000000001c22e0c0,  free space=1016k
Native frames: (J=compiled Java code, j=interpreted, Vv=VM code, C=native code)
C  0x00000000027ef321


---------------  P R O C E S S  ---------------

Java Threads: ( => current thread )
=>0x0000000018aae800 JavaThread "Thread-4" [_thread_in_native, id=6528, stack(0x000000001c130000,0x000000001c230000)]
  0x0000000018a8b800 JavaThread "Thread-3" [_thread_in_Java, id=1520, stack(0x000000001c030000,0x000000001c130000)]
  0x00000000195ac800 JavaThread "Thread-2" [_thread_in_Java, id=6840, stack(0x000000001bf30000,0x000000001c030000)]
  0x0000000019599000 JavaThread "Client" daemon [_thread_in_native, id=3508, stack(0x000000001bd30000,0x000000001be30000)]
  0x000000001957e800 JavaThread "Server" [_thread_in_native, id=5768, stack(0x000000001bc30000,0x000000001bd30000)]
  0x00000000192ce800 JavaThread "LWJGL Timer" daemon [_thread_blocked, id=1212, stack(0x000000001b730000,0x000000001b830000)]
  0x00000000022e3800 JavaThread "DestroyJavaVM" [_thread_blocked, id=4708, stack(0x0000000002000000,0x0000000002100000)]
  0x0000000018bfb800 JavaThread "LWJGL Application" [_thread_in_vm, id=3752, stack(0x000000001a300000,0x000000001a400000)]
  0x0000000018a69800 JavaThread "Service Thread" daemon [_thread_blocked, id=7204, stack(0x0000000018f10000,0x0000000019010000)]
  0x00000000189ce800 JavaThread "C1 CompilerThread2" daemon [_thread_in_native, id=3600, stack(0x0000000018e10000,0x0000000018f10000)]
  0x00000000189ce000 JavaThread "C2 CompilerThread1" daemon [_thread_blocked, id=3664, stack(0x0000000018d10000,0x0000000018e10000)]
  0x00000000189cd000 JavaThread "C2 CompilerThread0" daemon [_thread_blocked, id=4444, stack(0x0000000018c10000,0x0000000018d10000)]
  0x0000000016fa8000 JavaThread "JDWP Command Reader" daemon [_thread_in_native, id=5712, stack(0x0000000018710000,0x0000000018810000)]
  0x0000000016fa3800 JavaThread "JDWP Event Helper Thread" daemon [_thread_blocked, id=6936, stack(0x0000000018610000,0x0000000018710000)]
  0x0000000016fa1000 JavaThread "JDWP Transport Listener: dt_socket" daemon [_thread_blocked, id=6180, stack(0x0000000018510000,0x0000000018610000)]
  0x0000000016f90000 JavaThread "Attach Listener" daemon [_thread_blocked, id=3612, stack(0x0000000018410000,0x0000000018510000)]
  0x0000000016f8f000 JavaThread "Signal Dispatcher" daemon [_thread_blocked, id=8188, stack(0x0000000018310000,0x0000000018410000)]
  0x00000000023d8800 JavaThread "Finalizer" daemon [_thread_blocked, id=892, stack(0x0000000018210000,0x0000000018310000)]
  0x00000000023d0000 JavaThread "Reference Handler" daemon [_thread_blocked, id=3796, stack(0x0000000018110000,0x0000000018210000)]

Other Threads:
  0x0000000016f55000 VMThread [stack: 0x0000000018010000,0x0000000018110000] [id=7900]
  0x0000000018a85800 WatcherThread [stack: 0x0000000019010000,0x0000000019110000] [id=7596]

VM state:not at safepoint (normal execution)

VM Mutex/Monitor currently owned by a thread: None

Heap:
 PSYoungGen      total 38400K, used 15627K [0x00000000d5980000, 0x00000000d8400000, 0x0000000100000000)
  eden space 33280K, 31% used [0x00000000d5980000,0x00000000d63c73a0,0x00000000d7a00000)
  from space 5120K, 99% used [0x00000000d7a00000,0x00000000d7efbae8,0x00000000d7f00000)
  to   space 5120K, 0% used [0x00000000d7f00000,0x00000000d7f00000,0x00000000d8400000)
 ParOldGen       total 87552K, used 1286K [0x0000000080c00000, 0x0000000086180000, 0x00000000d5980000)
  object space 87552K, 1% used [0x0000000080c00000,0x0000000080d41a48,0x0000000086180000)
 Metaspace       used 10714K, capacity 10819K, committed 10880K, reserved 1058816K
  class space    used 1081K, capacity 1112K, committed 1152K, reserved 1048576K

Card table byte_map: [0x00000000117a0000,0x0000000011ba0000] byte_map_base: 0x000000001139a000

Marking Bits: (ParMarkBitMap*) 0x0000000076bbd490
 Begin Bits: [0x0000000012250000, 0x0000000014220000)
 End Bits:   [0x0000000014220000, 0x00000000161f0000)

Polling page: 0x00000000006d0000

CodeCache: size=245760Kb used=4161Kb max_used=4161Kb free=241598Kb
 bounds [0x00000000023e0000, 0x0000000002800000, 0x00000000113e0000]
 total_blobs=1692 nmethods=1179 adapters=435
 compilation: enabled

Compilation events (10 events):
Event: 25.030 Thread 0x00000000189ce800 nmethod 1175 0x00000000027ef950 code [0x00000000027efaa0, 0x00000000027efbb0]
Event: 25.030 Thread 0x00000000189ce800 1176       1       com.badlogic.gdx.graphics.g2d.TextureRegion::getU2 (5 bytes)
Event: 25.030 Thread 0x00000000189ce800 nmethod 1176 0x00000000027efc10 code [0x00000000027efd60, 0x00000000027efe70]
Event: 25.030 Thread 0x00000000189ce800 1177       1       com.badlogic.gdx.graphics.g2d.TextureRegion::getV (5 bytes)
Event: 25.030 Thread 0x00000000189ce800 nmethod 1177 0x00000000027efed0 code [0x00000000027f0020, 0x00000000027f0130]
Event: 25.030 Thread 0x00000000189ce800 1172       1       com.badlogic.gdx.maps.tiled.tiles.StaticTiledMapTile::getOffsetX (5 bytes)
Event: 25.030 Thread 0x00000000189ce800 nmethod 1172 0x00000000027f0190 code [0x00000000027f02e0, 0x00000000027f03f0]
Event: 25.030 Thread 0x00000000189ce800 1173       1       com.badlogic.gdx.maps.tiled.tiles.StaticTiledMapTile::getOffsetY (5 bytes)
Event: 25.030 Thread 0x00000000189ce800 nmethod 1173 0x00000000027f0450 code [0x00000000027f05a0, 0x00000000027f06b0]
Event: 25.039 Thread 0x00000000189ce800 1178       3       com.badlogic.gdx.physics.box2d.World::preSolve (41 bytes)

GC Heap History (2 events):
Event: 3.079 GC heap before
{Heap before GC invocations=1 (full 0):
 PSYoungGen      total 38400K, used 33280K [0x00000000d5980000, 0x00000000d8400000, 0x0000000100000000)
  eden space 33280K, 100% used [0x00000000d5980000,0x00000000d7a00000,0x00000000d7a00000)
  from space 5120K, 0% used [0x00000000d7f00000,0x00000000d7f00000,0x00000000d8400000)
  to   space 5120K, 0% used [0x00000000d7a00000,0x00000000d7a00000,0x00000000d7f00000)
 ParOldGen       total 87552K, used 0K [0x0000000080c00000, 0x0000000086180000, 0x00000000d5980000)
  object space 87552K, 0% used [0x0000000080c00000,0x0000000080c00000,0x0000000086180000)
 Metaspace       used 8318K, capacity 8395K, committed 8576K, reserved 1056768K
  class space    used 803K, capacity 848K, committed 896K, reserved 1048576K
Event: 3.083 GC heap after
Heap after GC invocations=1 (full 0):
 PSYoungGen      total 38400K, used 5102K [0x00000000d5980000, 0x00000000d8400000, 0x0000000100000000)
  eden space 33280K, 0% used [0x00000000d5980000,0x00000000d5980000,0x00000000d7a00000)
  from space 5120K, 99% used [0x00000000d7a00000,0x00000000d7efbae8,0x00000000d7f00000)
  to   space 5120K, 0% used [0x00000000d7f00000,0x00000000d7f00000,0x00000000d8400000)
 ParOldGen       total 87552K, used 1286K [0x0000000080c00000, 0x0000000086180000, 0x00000000d5980000)
  object space 87552K, 1% used [0x0000000080c00000,0x0000000080d41a48,0x0000000086180000)
 Metaspace       used 8318K, capacity 8395K, committed 8576K, reserved 1056768K
  class space    used 803K, capacity 848K, committed 896K, reserved 1048576K
}

Deoptimization events (0 events):
No events

Internal exceptions (10 events):
Event: 25.039 Thread 0x0000000018aae800 Exception <a 'java/lang/StackOverflowError'> (0x00000000d638fe30) thrown at [D:\re\workspace\8-2-build-windows-amd64-cygwin\jdk8u25\1677\hotspot\src\share\vm\runtime\javaCalls.cpp, line 382]
Event: 25.039 Thread 0x0000000018aae800 Exception <a 'java/lang/StackOverflowError'> (0x00000000d638fe50) thrown at [D:\re\workspace\8-2-build-windows-amd64-cygwin\jdk8u25\1677\hotspot\src\share\vm\runtime\javaCalls.cpp, line 382]
Event: 25.039 Thread 0x0000000018aae800 Exception <a 'java/lang/StackOverflowError'> (0x00000000d638fe70) thrown at [D:\re\workspace\8-2-build-windows-amd64-cygwin\jdk8u25\1677\hotspot\src\share\vm\runtime\javaCalls.cpp, line 382]
Event: 25.039 Thread 0x0000000018aae800 Exception <a 'java/lang/StackOverflowError'> (0x00000000d638fe90) thrown at [D:\re\workspace\8-2-build-windows-amd64-cygwin\jdk8u25\1677\hotspot\src\share\vm\runtime\javaCalls.cpp, line 382]
Event: 25.039 Thread 0x0000000018aae800 Exception <a 'java/lang/StackOverflowError'> (0x00000000d638feb0) thrown at [D:\re\workspace\8-2-build-windows-amd64-cygwin\jdk8u25\1677\hotspot\src\share\vm\runtime\javaCalls.cpp, line 382]
Event: 25.039 Thread 0x0000000018aae800 Exception <a 'java/lang/StackOverflowError'> (0x00000000d638fed0) thrown at [D:\re\workspace\8-2-build-windows-amd64-cygwin\jdk8u25\1677\hotspot\src\share\vm\runtime\javaCalls.cpp, line 382]
Event: 25.039 Thread 0x0000000018aae800 Exception <a 'java/lang/StackOverflowError'> (0x00000000d638fef0) thrown at [D:\re\workspace\8-2-build-windows-amd64-cygwin\jdk8u25\1677\hotspot\src\share\vm\runtime\javaCalls.cpp, line 382]
Event: 25.039 Thread 0x0000000018aae800 Exception <a 'java/lang/StackOverflowError'> (0x00000000d638ff10) thrown at [D:\re\workspace\8-2-build-windows-amd64-cygwin\jdk8u25\1677\hotspot\src\share\vm\runtime\javaCalls.cpp, line 382]
Event: 25.039 Thread 0x0000000018aae800 Exception <a 'java/lang/StackOverflowError'> (0x00000000d638ff30) thrown at [D:\re\workspace\8-2-build-windows-amd64-cygwin\jdk8u25\1677\hotspot\src\share\vm\runtime\javaCalls.cpp, line 382]
Event: 25.039 Thread 0x0000000018aae800 Exception <a 'java/lang/StackOverflowError'> (0x00000000d638ff50) thrown at [D:\re\workspace\8-2-build-windows-amd64-cygwin\jdk8u25\1677\hotspot\src\share\vm\runtime\javaCalls.cpp, line 382]

Events (10 events):
Event: 25.018 Thread 0x0000000018bfb800 DEOPT PACKING pc=0x00000000025becac sp=0x000000001a3fdbc0
Event: 25.018 Thread 0x0000000018bfb800 DEOPT UNPACKING pc=0x00000000024275bf sp=0x000000001a3fd908 mode 1
Event: 25.018 Executing VM operation: RevokeBias
Event: 25.018 Executing VM operation: RevokeBias done
Event: 25.018 Thread 0x0000000018bfb800 DEOPT PACKING pc=0x00000000025887fc sp=0x000000001a3fdc30
Event: 25.018 Thread 0x0000000018bfb800 DEOPT UNPACKING pc=0x00000000024275bf sp=0x000000001a3fda50 mode 1
Event: 25.018 Executing VM operation: RevokeBias
Event: 25.018 Executing VM operation: RevokeBias done
Event: 25.018 Thread 0x0000000018bfb800 DEOPT PACKING pc=0x0000000002588594 sp=0x000000001a3fddc0
Event: 25.018 Thread 0x0000000018bfb800 DEOPT UNPACKING pc=0x00000000024275bf sp=0x000000001a3fdbe0 mode 1


Dynamic libraries:
0x00007ff781520000 - 0x00007ff781554000 	C:\Program Files\Java\jdk1.8.0_25\bin\java.exe
0x00007ff958850000 - 0x00007ff9589fc000 	C:\WINDOWS\SYSTEM32\WINNSI.DLL
0x00007ff957d10000 - 0x00007ff957e4e000 	C:\WINDOWS\system32\KERNEL32.DLL
0x00007ff955a70000 - 0x00007ff955b85000 	C:\WINDOWS\system32\KERNELBASE.dll
0x00007ff954540000 - 0x00007ff9545ce000 	C:\WINDOWS\system32\apphelp.dll
0x00007ff9469d0000 - 0x00007ff946a23000 	C:\WINDOWS\AppPatch\AppPatch64\AcGenral.DLL
0x00007ff956050000 - 0x00007ff9560fa000 	C:\WINDOWS\system32\msvcrt.dll
0x00007ff955840000 - 0x00007ff95586e000 	C:\WINDOWS\SYSTEM32\SspiCli.dll
0x00007ff957e50000 - 0x00007ff957ea4000 	C:\WINDOWS\system32\SHLWAPI.dll
0x00007ff958290000 - 0x00007ff958407000 	C:\WINDOWS\system32\USER32.dll
0x00007ff9584d0000 - 0x00007ff958664000 	C:\WINDOWS\system32\ole32.dll
0x00007ff9565d0000 - 0x00007ff957ae8000 	C:\Users\time\AppData\Local\Temp\libgdxtime\ccd07a7a\lwjgl64.dll
0x00007ff954fc0000 - 0x00007ff954fe1000 	C:\WINDOWS\SYSTEM32\USERENV.dll
0x00007ff955fa0000 - 0x00007ff95604a000 	C:\WINDOWS\system32\ADVAPI32.dll
0x00007ff948df0000 - 0x00007ff948e0e000 	C:\WINDOWS\SYSTEM32\MPR.dll
0x00007ff956100000 - 0x00007ff956241000 	C:\WINDOWS\system32\RPCRT4.dll
0x00007ff958680000 - 0x00007ff9586d9000 	C:\WINDOWS\system32\KERNEL32.DLL
0x00007ff957af0000 - 0x00007ff957d01000 	C:\WINDOWS\system32\msvcrt.dll
0x00007ff958130000 - 0x00007ff958281000 	C:\WINDOWS\system32\SHLWAPI.dll
0x00007ff9559a0000 - 0x00007ff9559b5000 	C:\WINDOWS\system32\SHELL32.dll
0x00007ff953ef0000 - 0x00007ff953fa2000 	C:\WINDOWS\system32\ADVAPI32.dll
0x00007ff958420000 - 0x00007ff958456000 	C:\WINDOWS\system32\RPCRT4.dll
0x00007ff9586f0000 - 0x00007ff958842000 	C:\WINDOWS\SYSTEM32\combase.dll
0x00007ff953670000 - 0x00007ff9538eb000 	C:\WINDOWS\WinSxS\amd64_microsoft.windows.common-controls_6595b64144ccf1df_6.0.9600.17784_none_624760d1ecb7236e\COMCTL32.dll
0x0000000076c40000 - 0x0000000076d12000 	C:\WINDOWS\WinSxS\amd64_microsoft.windows.common-controls_6595b64144ccf1df_6.0.9600.17784_none_624760d1ecb7236e\COMCTL32.dll
0x00000000763e0000 - 0x0000000076c3a000 	C:\Program Files\Java\jdk1.8.0_25\jre\bin\server\jvm.dll
0x00007ff9522b0000 - 0x00007ff9522b9000 	C:\WINDOWS\SYSTEM32\WSOCK32.dll
0x00007ff951e50000 - 0x00007ff951e72000 	C:\WINDOWS\SYSTEM32\WINMM.dll
0x00007ff958670000 - 0x00007ff958677000 	C:\WINDOWS\system32\WS2_32.dll
0x00007ff956250000 - 0x00007ff9562aa000 	C:\WINDOWS\SYSTEM32\WINMMBASE.dll
0x00007ff951de0000 - 0x00007ff951e0a000 	C:\WINDOWS\SYSTEM32\WINMMBASE.dll
0x00007ff9586e0000 - 0x00007ff9586e9000 	C:\WINDOWS\system32\NSI.dll
0x00007ff955e80000 - 0x00007ff955ecf000 	C:\Program Files\Java\jdk1.8.0_25\jre\bin\verify.dll
0x00007ff9547c0000 - 0x00007ff9547e8000 	C:\Program Files\Java\jdk1.8.0_25\jre\bin\java.dll
0x0000000050000000 - 0x000000005000f000 	C:\Program Files\Java\jdk1.8.0_25\jre\bin\verify.dll
0x00000000763b0000 - 0x00000000763d8000 	C:\Program Files\Java\jdk1.8.0_25\jre\bin\java.dll
0x0000000076350000 - 0x0000000076385000 	C:\Program Files\Java\jdk1.8.0_25\jre\bin\zip.dll
0x0000000076340000 - 0x0000000076348000 	C:\Program Files\Java\jdk1.8.0_25\jre\bin\dt_socket.dll
0x0000000076310000 - 0x0000000076333000 	C:\Program Files\Java\jdk1.8.0_25\jre\bin\instrument.dll
0x0000000076390000 - 0x00000000763a6000 	C:\Program Files\Java\jdk1.8.0_25\jre\bin\zip.dll
0x0000000076300000 - 0x0000000076309000 	C:\Program Files\Java\jdk1.8.0_25\jre\bin\dt_socket.dll
0x00007ff955280000 - 0x00007ff9552d9000 	C:\WINDOWS\SYSTEM32\bcrypt.dll
0x0000000065580000 - 0x000000006561b000 	C:\WINDOWS\system32\bcryptprimitives.dll
0x00007ff9552e0000 - 0x00007ff955300000 	C:\WINDOWS\SYSTEM32\CRYPTBASE.dll
0x00007ff954eb0000 - 0x00007ff954ee6000 	C:\WINDOWS\system32\rsaenh.dll
0x00007ff955530000 - 0x00007ff955556000 	C:\WINDOWS\SYSTEM32\bcrypt.dll
0x00007ff955870000 - 0x00007ff9558d3000 	C:\WINDOWS\system32\bcryptprimitives.dll
0x00007ff9558e0000 - 0x00007ff9558eb000 	C:\WINDOWS\SYSTEM32\CRYPTBASE.dll
0x00000000762e0000 - 0x00000000762fa000 	C:\Program Files\Java\jdk1.8.0_25\jre\bin\nio.dll
0x00007ff94f3a0000 - 0x00007ff94f3ca000 	C:\Users\time\AppData\Local\Temp\libgdxtime\ccd07a7a\lwjgl64.dll
0x00007ff94f560000 - 0x00007ff94f56a000 	C:\WINDOWS\SYSTEM32\WINNSI.DLL
0x00007ff94f1e0000 - 0x00007ff94f1f6000 	C:\WINDOWS\AppPatch\AppPatch64\AcGenral.DLL
0x00007ff94ef90000 - 0x00007ff94efaa000 	C:\WINDOWS\system32\ole32.dll
0x00000000762c0000 - 0x00000000762d1000 	C:\WINDOWS\SYSTEM32\MPR.dll
0x0000000180000000 - 0x0000000180051000 	C:\WINDOWS\system32\GDI32.dll
0x00007ff941240000 - 0x00007ff94136b000 	C:\WINDOWS\system32\IMM32.DLL
0x00007ff952330000 - 0x00007ff95233a000 	C:\WINDOWS\WinSxS\amd64_microsoft.windows.common-controls_6595b64144ccf1df_6.0.9600.17784_none_624760d1ecb7236e\COMCTL32.dll
0x00007ff94a120000 - 0x00007ff94a14e000 	C:\WINDOWS\SYSTEM32\WSOCK32.dll
0x00007ff941c70000 - 0x00007ff941d68000 	C:\WINDOWS\system32\PSAPI.DLL
0x00007ff951a60000 - 0x00007ff951a69000 	C:\WINDOWS\SYSTEM32\WINMMBASE.dll
0x0000000002100000 - 0x0000000002164000 	C:\WINDOWS\SYSTEM32\cfgmgr32.dll
0x00007ff954790000 - 0x00007ff95479b000 	C:\Program Files\Java\jdk1.8.0_25\jre\bin\verify.dll
0x00007ff954610000 - 0x00007ff954739000 	C:\Program Files\Java\jdk1.8.0_25\jre\bin\jdwp.dll
0x00007ff9502f0000 - 0x00007ff95039b000 	C:\Program Files\Java\jdk1.8.0_25\jre\bin\instrument.dll
0x00007ff957eb0000 - 0x00007ff957f71000 	C:\Program Files\Java\jdk1.8.0_25\jre\bin\dt_socket.dll
0x00007ff956510000 - 0x00007ff9565c6000 	C:\Users\time\AppData\Local\Temp\libgdxtime\40753fbd\gdx64.dll
0x00007ff943120000 - 0x00007ff9431bd000 	C:\WINDOWS\system32\rsaenh.dll
0x00007ff954ff0000 - 0x00007ff955036000 	C:\WINDOWS\SYSTEM32\bcrypt.dll
0x00007ff9522c0000 - 0x00007ff952330000 	C:\WINDOWS\SYSTEM32\CRYPTBASE.dll
0x00007ff949ed0000 - 0x00007ff949f4e000 	C:\WINDOWS\SYSTEM32\AUDIOSES.DLL
0x00007ff953cf0000 - 0x00007ff953d11000 	C:\WINDOWS\SYSTEM32\WINNSI.DLL
0x00000000743e0000 - 0x00000000762bb000 	C:\WINDOWS\SYSTEM32\dhcpcsvc.DLL
0x00007ff956330000 - 0x00007ff95650a000 	C:\WINDOWS\system32\SETUPAPI.dll
0x00007ff954520000 - 0x00007ff954532000 	C:\WINDOWS\SYSTEM32\WTSAPI32.dll
0x00007ff955e20000 - 0x00007ff955e71000 	C:\WINDOWS\SYSTEM32\SspiCli.dll
0x00007ff955c40000 - 0x00007ff955e1f000 	C:\WINDOWS\system32\ADVAPI32.dll
0x00007ff955a50000 - 0x00007ff955a61000 	C:\WINDOWS\system32\GDI32.dll
0x00007ff94e6f0000 - 0x00007ff94e722000 	C:\WINDOWS\system32\IMM32.DLL
0x00007ff954c00000 - 0x00007ff954c5a000 	C:\Program Files\Java\jdk1.8.0_25\jre\bin\server\jvm.dll
0x00007ff9518b0000 - 0x00007ff95191a000 	C:\WINDOWS\SYSTEM32\WINMM.dll
0x00007ff951b20000 - 0x00007ff951bb2000 	C:\WINDOWS\SYSTEM32\WINMMBASE.dll
0x00007ff951fa0000 - 0x00007ff951fe1000 	C:\WINDOWS\SYSTEM32\DEVOBJ.dll
0x0000000066bc0000 - 0x0000000066c7b000 	C:\Program Files\Java\jdk1.8.0_25\jre\bin\jdwp.dll
0x00007ff950480000 - 0x00007ff950609000 	C:\Program Files\Java\jdk1.8.0_25\jre\bin\instrument.dll

VM Arguments:
jvm_args: -agentlib:jdwp=transport=dt_socket,address=127.0.0.1:53490,suspend=y,server=n -javaagent:C:\Users\time\.IntelliJIdea14\system\groovyHotSwap\gragent.jar -Dfile.encoding=windows-1252 
java_command: com.technohest.java.MainDesktop
java_class_path (initial): C:\Program Files\Java\jdk1.8.0_25\jre\lib\charsets.jar;C:\Program Files\Java\jdk1.8.0_25\jre\lib\deploy.jar;C:\Program Files\Java\jdk1.8.0_25\jre\lib\javaws.jar;C:\Program Files\Java\jdk1.8.0_25\jre\lib\jce.jar;C:\Program Files\Java\jdk1.8.0_25\jre\lib\jfr.jar;C:\Program Files\Java\jdk1.8.0_25\jre\lib\jfxswt.jar;C:\Program Files\Java\jdk1.8.0_25\jre\lib\jsse.jar;C:\Program Files\Java\jdk1.8.0_25\jre\lib\management-agent.jar;C:\Program Files\Java\jdk1.8.0_25\jre\lib\plugin.jar;C:\Program Files\Java\jdk1.8.0_25\jre\lib\resources.jar;C:\Program Files\Java\jdk1.8.0_25\jre\lib\rt.jar;C:\Program Files\Java\jdk1.8.0_25\jre\lib\ext\access-bridge-64.jar;C:\Program Files\Java\jdk1.8.0_25\jre\lib\ext\cldrdata.jar;C:\Program Files\Java\jdk1.8.0_25\jre\lib\ext\dnsns.jar;C:\Program Files\Java\jdk1.8.0_25\jre\lib\ext\jaccess.jar;C:\Program Files\Java\jdk1.8.0_25\jre\lib\ext\jfxrt.jar;C:\Program Files\Java\jdk1.8.0_25\jre\lib\ext\localedata.jar;C:\Program Files\Java\jdk1.8.0_25\jre\lib\ext\nashorn.jar;C:\Program Files\Java\jdk1.8.0_25\jre\lib\ext\sunec.jar;C:\Program Files\Java\jdk1.8.0_25\jre\lib\ext\sunjce_provider.jar;C:\Program Files\Java\jdk1.8.0_25\jre\lib\ext\sunmscapi.jar;C:\Program Files\Java\jdk1.8.0_25\jre\lib\ext\sunpkcs11.jar;C:\Program Files\Java\jdk1.8.0_25\jre\lib\ext\zipfs.jar;C:\Users\time\IdeaProjects\RidiculousRumbleRoyale\desktop\target\classes;C:\Users\time\IdeaProjects\RidiculousRumbleRoyale\core\target\classes;C:\Users\time\.m2\repository\junit\junit\4.11\junit-4.11.jar;C:\Users\time\.m2\repository\org\hamcrest\hamcrest-core\1.3\hamcrest-core-1.3.jar;C:\Users\time\.m2\repository\org\codehaus\groovy\groovy-all\2.4.3\groovy-all-2.4.3.jar;C:\Users\time\.m2\repository\com\esotericsoftware\kryonet\2.22.0-RC1\kryonet-2.22.0-RC1.jar;C:\Users\time\.m2\repository\com\esotericsoftware\kryo\kryo\2.24.0\kryo-2.24.0.jar;C:\Users\time\.m2\repository\com\esotericsoftware\minlog\minlog\1.2\minlog-1.2.jar;C:\Users\time\.m2\repository\org\objenesi
Launcher Type: SUN_STANDARD

Environment Variables:
JAVA_HOME=E:\jdk1.8.0_20
PATH=C:\Program Files (x86)\NVIDIA Corporation\PhysX\Common;C:\ProgramData\Oracle\Java\javapath;C:\Program Files (x86)\Intel\iCLS Client\;C:\Program Files\Intel\iCLS Client\;C:\WINDOWS\system32;C:\WINDOWS;C:\WINDOWS\System32\Wbem;C:\WINDOWS\System32\WindowsPowerShell\v1.0\;C:\Program Files\Intel\Intel(R) Management Engine Components\DAL;C:\Program Files\Intel\Intel(R) Management Engine Components\IPT;C:\Program Files (x86)\Intel\Intel(R) Management Engine Components\DAL;C:\Program Files (x86)\Intel\Intel(R) Management Engine Components\IPT;E:\jdk1.8.0_20\bin;C:\Program Files (x86)\Skype\Phone\
USERNAME=time
OS=Windows_NT
PROCESSOR_IDENTIFIER=Intel64 Family 6 Model 60 Stepping 3, GenuineIntel



---------------  S Y S T E M  ---------------

OS: Windows 8.1 , 64 bit Build 9600 

CPU:total 4 (4 cores per cpu, 1 threads per core) family 6 model 60 stepping 3, cmov, cx8, fxsr, mmx, sse, sse2, sse3, ssse3, sse4.1, sse4.2, popcnt, avx, avx2, aes, clmul, erms, lzcnt, tsc, tscinvbit, bmi1, bmi2

Memory: 4k page, physical 8331828k(4461176k free), swap 9642548k(4812000k free)

vm_info: Java HotSpot(TM) 64-Bit Server VM (25.25-b02) for windows-amd64 JRE (1.8.0_25-b18), built on Oct  7 2014 14:25:37 by "java_re" with MS VC++ 10.0 (VS2010)

time: Mon May 18 19:34:51 2015
elapsed time: 25 seconds (0d 0h 0m 25s)

