#
# A fatal error has been detected by the Java Runtime Environment:
#
#  Internal Error (exceptions.cpp:419), pid=9972, tid=4700
#  fatal error: ExceptionMark destructor expects no pending exceptions
#
# JRE version: Java(TM) SE Runtime Environment (8.0_31-b13) (build 1.8.0_31-b13)
# Java VM: Java HotSpot(TM) 64-Bit Server VM (25.31-b07 mixed mode windows-amd64 compressed oops)
# Failed to write core dump. Minidumps are not enabled by default on client versions of Windows
#
# If you would like to submit a bug report, please visit:
#   http://bugreport.java.com/bugreport/crash.jsp
# The crash happened outside the Java Virtual Machine in native code.
# See problematic frame for where to report the bug.
#

---------------  T H R E A D  ---------------

Current thread (0x000000001f4ae000):  JavaThread "Thread-2" [_thread_in_native, id=4700, stack(0x00000000242c0000,0x00000000243c0000)]

Stack: [0x00000000242c0000,0x00000000243c0000]
Native frames: (J=compiled Java code, j=interpreted, Vv=VM code, C=native code)
V  [jvm.dll+0x3169ba]
V  [jvm.dll+0x2674c3]
V  [jvm.dll+0x268103]
V  [jvm.dll+0x25f876]
V  [jvm.dll+0x2603cb]
V  [jvm.dll+0x214f20]
V  [jvm.dll+0x4f1193]
V  [jvm.dll+0x4f12e1]
C  0x000000000296c15c

Java frames: (J=compiled Java code, j=interpreted, Vv=VM code)
v  ~ExceptionBlob
J 1771 C2 com.badlogic.gdx.physics.box2d.Body.getLinearVelocity()Lcom/badlogic/gdx/math/Vector2; (43 bytes) @ 0x0000000002ec8a24 [0x0000000002ec89e0+0x44]
J 1655 C1 com.technohest.LibgdxService.GameLogicGDX.getStateOfPlayer(Ljava/lang/Integer;)Ljava/lang/Integer; (79 bytes) @ 0x0000000002e72fbc [0x0000000002e72d40+0x27c]
J 1715 C1 com.technohest.core.model.RRRGameModel.updatePlayers(F)V (137 bytes) @ 0x0000000002eac124 [0x0000000002eaafe0+0x1144]
J 1712 C1 com.technohest.core.model.RRRGameModel.step(F)V (21 bytes) @ 0x0000000002eb084c [0x0000000002eb0620+0x22c]
J 1276% C2 com.technohest.core.network.RServer$1.run()V (135 bytes) @ 0x0000000002d4f1cc [0x0000000002d4f0a0+0x12c]
v  ~StubRoutines::call_stub

---------------  P R O C E S S  ---------------

Java Threads: ( => current thread )
  0x000000001f49a000 JavaThread "Thread-3" [_thread_in_Java, id=7368, stack(0x0000000020330000,0x0000000020430000)]
=>0x000000001f4ae000 JavaThread "Thread-2" [_thread_in_native, id=4700, stack(0x00000000242c0000,0x00000000243c0000)]
  0x000000001f4ab800 JavaThread "Client" daemon [_thread_in_native, id=5528, stack(0x00000000222b0000,0x00000000223b0000)]
  0x000000001f1b7800 JavaThread "Server" [_thread_in_native, id=7316, stack(0x0000000022170000,0x0000000022270000)]
  0x000000001f638800 JavaThread "LWJGL Timer" daemon [_thread_blocked, id=2256, stack(0x0000000021b10000,0x0000000021c10000)]
  0x0000000002158000 JavaThread "DestroyJavaVM" [_thread_blocked, id=7972, stack(0x0000000002530000,0x0000000002630000)]
  0x000000001d4ae000 JavaThread "Monitor Ctrl-Break" daemon [_thread_in_native, id=8692, stack(0x000000001e300000,0x000000001e400000)]
  0x000000001d333800 JavaThread "Service Thread" daemon [_thread_blocked, id=4388, stack(0x000000001dfd0000,0x000000001e0d0000)]
  0x000000001d2cb000 JavaThread "C1 CompilerThread2" daemon [_thread_blocked, id=8916, stack(0x000000001dbc0000,0x000000001dcc0000)]
  0x000000001d2c9800 JavaThread "C2 CompilerThread1" daemon [_thread_in_native, id=1756, stack(0x000000001dd00000,0x000000001de00000)]
  0x000000001d2c4800 JavaThread "C2 CompilerThread0" daemon [_thread_blocked, id=1884, stack(0x000000001d790000,0x000000001d890000)]
  0x000000001d2c1000 JavaThread "Attach Listener" daemon [_thread_blocked, id=8380, stack(0x000000001da60000,0x000000001db60000)]
  0x000000001c094800 JavaThread "Signal Dispatcher" daemon [_thread_blocked, id=1888, stack(0x000000001d8a0000,0x000000001d9a0000)]
  0x000000001c037800 JavaThread "Finalizer" daemon [_thread_blocked, id=7012, stack(0x000000001ce70000,0x000000001cf70000)]
  0x000000001c02e800 JavaThread "Reference Handler" daemon [_thread_blocked, id=3076, stack(0x000000001d1c0000,0x000000001d2c0000)]

Other Threads:
  0x000000001c02b000 VMThread [stack: 0x000000001cfd0000,0x000000001d0d0000] [id=4676]
  0x000000001d350000 WatcherThread [stack: 0x000000001e0f0000,0x000000001e1f0000] [id=10200]

VM state:not at safepoint (normal execution)

VM Mutex/Monitor currently owned by a thread: None

Heap:
 PSYoungGen      total 76288K, used 56785K [0x000000076af00000, 0x0000000770400000, 0x00000007c0000000)
  eden space 65536K, 86% used [0x000000076af00000,0x000000076e674588,0x000000076ef00000)
  from space 10752K, 0% used [0x000000076f980000,0x000000076f980000,0x0000000770400000)
  to   space 10752K, 0% used [0x000000076ef00000,0x000000076ef00000,0x000000076f980000)
 ParOldGen       total 175104K, used 0K [0x00000006c0c00000, 0x00000006cb700000, 0x000000076af00000)
  object space 175104K, 0% used [0x00000006c0c00000,0x00000006c0c00000,0x00000006cb700000)
 Metaspace       used 12218K, capacity 12321K, committed 12544K, reserved 1060864K
  class space    used 1212K, capacity 1273K, committed 1280K, reserved 1048576K

Card table byte_map: [0x0000000011cc0000,0x00000000124c0000] byte_map_base: 0x000000000e6ba000

Marking Bits: (ParMarkBitMap*) 0x00000000703cd4f0
 Begin Bits: [0x0000000012f00000, 0x0000000016ed0000)
 End Bits:   [0x0000000016ed0000, 0x000000001aea0000)

Polling page: 0x0000000000330000

CodeCache: size=245760Kb used=6185Kb max_used=6196Kb free=239574Kb
 bounds [0x0000000002900000, 0x0000000002f20000, 0x0000000011900000]
 total_blobs=2327 nmethods=1797 adapters=445
 compilation: enabled

Compilation events (10 events):
Event: 68.362 Thread 0x000000001d2cb000 nmethod 1804 0x0000000002a204d0 code [0x0000000002a20660, 0x0000000002a20958]
Event: 68.364 Thread 0x000000001d2cb000 1805       3       sun.nio.cs.UTF_8::access$200 (8 bytes)
Event: 68.365 Thread 0x000000001d2cb000 nmethod 1805 0x0000000002ef5d50 code [0x0000000002ef5ee0, 0x0000000002ef6378]
Event: 68.365 Thread 0x000000001d2cb000 1806       3       sun.nio.cs.UTF_8::updatePositions (23 bytes)
Event: 68.365 Thread 0x000000001d2cb000 nmethod 1806 0x0000000002a2c810 code [0x0000000002a2c9a0, 0x0000000002a2cdd8]
Event: 68.365 Thread 0x000000001d2c4800 1807       4       com.technohest.core.network.RServer$1::run (135 bytes)
Event: 68.366 Thread 0x000000001d2cb000 1808       3       java.util.HashMap$HashIterator::nextNode (100 bytes)
Event: 68.366 Thread 0x000000001d2cb000 nmethod 1808 0x0000000002a2bf50 code [0x0000000002a2c0e0, 0x0000000002a2c5d8]
Event: 68.371 Thread 0x000000001d2cb000 1809       3       java.util.Date::getTime (5 bytes)
Event: 68.371 Thread 0x000000001d2cb000 nmethod 1809 0x0000000002eca710 code [0x0000000002eca880, 0x0000000002ecab88]

GC Heap History (0 events):
No events

Deoptimization events (8 events):
Event: 68.351 Thread 0x000000001f1b7800 Uncommon trap: reason=unreached action=reinterpret pc=0x0000000002edc1b0 method=java.nio.channels.spi.AbstractInterruptibleChannel.begin()V @ 4
Event: 68.362 Thread 0x000000001f1b7800 Uncommon trap: reason=unreached action=reinterpret pc=0x0000000002eebfa8 method=java.util.HashMap$HashIterator.nextNode()Ljava/util/HashMap$Node; @ 95
Event: 68.362 Thread 0x000000001f1b7800 Uncommon trap: reason=unreached action=reinterpret pc=0x0000000002ef0f38 method=com.esotericsoftware.kryo.serializers.MapSerializer.write(Lcom/esotericsoftware/kryo/Kryo;Lcom/esotericsoftware/kryo/io/Output;Ljava/util/Map;)V @ 26
Event: 68.362 Thread 0x000000001f1b7800 Uncommon trap: reason=unreached action=reinterpret pc=0x0000000002e916e8 method=java.util.HashMap$HashIterator.nextNode()Ljava/util/HashMap$Node; @ 95
Event: 68.362 Thread 0x000000001f1b7800 Uncommon trap: reason=unreached action=reinterpret pc=0x0000000002ef22a8 method=java.util.HashMap$HashIterator.nextNode()Ljava/util/HashMap$Node; @ 95
Event: 68.362 Thread 0x000000001f4ab800 Uncommon trap: reason=unreached action=reinterpret pc=0x0000000002f11894 method=com.esotericsoftware.kryo.serializers.MapSerializer.read(Lcom/esotericsoftware/kryo/Kryo;Lcom/esotericsoftware/kryo/io/Input;Ljava/lang/Class;)Ljava/util/Map; @ 38
Event: 68.366 Thread 0x000000001f49a000 Uncommon trap: reason=null_check action=make_not_entrant pc=0x0000000002ec221c method=com.esotericsoftware.kryo.serializers.DefaultSerializers$EnumSerializer.write(Lcom/esotericsoftware/kryo/Kryo;Lcom/esotericsoftware/kryo/io/Output;Ljava/lang/Object;)V @ <>ßz²Q@
Event: 68.370 Thread 0x000000001f1b7800 Uncommon trap: reason=unloaded action=reinterpret pc=0x0000000002f04288 method=com.esotericsoftware.kryonet.TcpConnection.readObject(Lcom/esotericsoftware/kryonet/Connection;)Ljava/lang/Object; @ 79

Internal exceptions (10 events):
Event: 9.349 Thread 0x000000001f1b7800 Exception <a 'java/security/PrivilegedActionException'> (0x000000076d78bda8) thrown at [C:\workspace\8-2-build-windows-amd64-cygwin\jdk8u31\2394\hotspot\src\share\vm\prims\jvm.cpp, line 1312]
Event: 9.349 Thread 0x000000001f1b7800 Exception <a 'java/security/PrivilegedActionException'> (0x000000076d791a98) thrown at [C:\workspace\8-2-build-windows-amd64-cygwin\jdk8u31\2394\hotspot\src\share\vm\prims\jvm.cpp, line 1312]
Event: 9.352 Thread 0x000000001f4ae000 Exception <a 'java/security/PrivilegedActionException'> (0x000000076db04dd8) thrown at [C:\workspace\8-2-build-windows-amd64-cygwin\jdk8u31\2394\hotspot\src\share\vm\prims\jvm.cpp, line 1312]
Event: 16.501 Thread 0x000000001f1b7800 Exception <a 'java/security/PrivilegedActionException'> (0x000000076d798900) thrown at [C:\workspace\8-2-build-windows-amd64-cygwin\jdk8u31\2394\hotspot\src\share\vm\prims\jvm.cpp, line 1312]
Event: 16.502 Thread 0x000000001f1b7800 Exception <a 'java/security/PrivilegedActionException'> (0x000000076d7a0100) thrown at [C:\workspace\8-2-build-windows-amd64-cygwin\jdk8u31\2394\hotspot\src\share\vm\prims\jvm.cpp, line 1312]
Event: 68.366 Thread 0x000000001f49a000 Implicit null exception at 0x0000000002ec1043 to 0x0000000002ec21f5
Event: 68.397 Thread 0x000000001f4ae000 Exception <a 'java/lang/StackOverflowError'> (0x000000076e374a18) thrown at [C:\workspace\8-2-build-windows-amd64-cygwin\jdk8u31\2394\hotspot\src\share\vm\runtime\javaCalls.cpp, line 382]
Event: 68.397 Thread 0x000000001f4ae000 Exception <a 'java/lang/StackOverflowError'> (0x000000076e374a38) thrown at [C:\workspace\8-2-build-windows-amd64-cygwin\jdk8u31\2394\hotspot\src\share\vm\runtime\javaCalls.cpp, line 382]
Event: 68.397 Thread 0x000000001f4ae000 Exception <a 'java/lang/StackOverflowError'> (0x000000076e374a58) thrown at [C:\workspace\8-2-build-windows-amd64-cygwin\jdk8u31\2394\hotspot\src\share\vm\runtime\javaCalls.cpp, line 382]
Event: 68.397 Thread 0x000000001f4ae000 Exception <a 'java/lang/StackOverflowError'> (0x000000076e374a78) thrown at [C:\workspace\8-2-build-windows-amd64-cygwin\jdk8u31\2394\hotspot\src\share\vm\runtime\javaCalls.cpp, line 382]

Events (10 events):
Event: 68.366 Thread 0x000000001f49a000 Uncommon trap: trap_request=0xfffffff4 fr.pc=0x0000000002ec221c
Event: 68.366 Thread 0x000000001f49a000 DEOPT PACKING pc=0x0000000002ec221c sp=0x000000002042e9b0
Event: 68.366 Thread 0x000000001f49a000 DEOPT UNPACKING pc=0x000000000294556a sp=0x000000002042e880 mode 2
Event: 68.366 Executing VM operation: RevokeBias
Event: 68.366 Executing VM operation: RevokeBias done
Event: 68.366 Executing VM operation: RevokeBias
Event: 68.366 Executing VM operation: RevokeBias done
Event: 68.370 Thread 0x000000001f1b7800 Uncommon trap: trap_request=0x0000002e fr.pc=0x0000000002f04288
Event: 68.370 Thread 0x000000001f1b7800 DEOPT PACKING pc=0x0000000002f04288 sp=0x000000002226eb90
Event: 68.370 Thread 0x000000001f1b7800 DEOPT UNPACKING pc=0x000000000294556a sp=0x000000002226eb40 mode 2


Dynamic libraries:
0x000000013fd00000 - 0x000000013fd34000 	C:\Program Files\Java\jdk1.8.0_31\bin\java.exe
0x00000000774c0000 - 0x000000007766c000 	C:\Windows\SYSTEM32\ntdll.dll
0x0000000076ee0000 - 0x0000000076fff000 	C:\Windows\system32\kernel32.dll
0x000007fefc9c0000 - 0x000007fefca2c000 	C:\Windows\system32\KERNELBASE.dll
0x000007fefd2a0000 - 0x000007fefd37b000 	C:\Windows\system32\ADVAPI32.dll
0x000007fefd450000 - 0x000007fefd4ef000 	C:\Windows\system32\msvcrt.dll
0x000007fefd5e0000 - 0x000007fefd5ff000 	C:\Windows\SYSTEM32\sechost.dll
0x000007fefd600000 - 0x000007fefd72e000 	C:\Windows\system32\RPCRT4.dll
0x0000000076de0000 - 0x0000000076eda000 	C:\Windows\system32\USER32.dll
0x000007fefe720000 - 0x000007fefe787000 	C:\Windows\system32\GDI32.dll
0x000007fefe990000 - 0x000007fefe99e000 	C:\Windows\system32\LPK.dll
0x000007fefd380000 - 0x000007fefd44a000 	C:\Windows\system32\USP10.dll
0x000007fefb360000 - 0x000007fefb554000 	C:\Windows\WinSxS\amd64_microsoft.windows.common-controls_6595b64144ccf1df_6.0.7600.16661_none_fa62ad231704eab7\COMCTL32.dll
0x000007fefd1d0000 - 0x000007fefd241000 	C:\Windows\system32\SHLWAPI.dll
0x000007fefd250000 - 0x000007fefd27e000 	C:\Windows\system32\IMM32.DLL
0x000007fefceb0000 - 0x000007fefcfb9000 	C:\Windows\system32\MSCTF.dll
0x00000000530d0000 - 0x00000000531a2000 	C:\Program Files\Java\jdk1.8.0_31\jre\bin\msvcr100.dll
0x000000006fbf0000 - 0x000000007044a000 	C:\Program Files\Java\jdk1.8.0_31\jre\bin\server\jvm.dll
0x000007fee8aa0000 - 0x000007fee8aa9000 	C:\Windows\system32\WSOCK32.dll
0x000007fefce60000 - 0x000007fefcead000 	C:\Windows\system32\WS2_32.dll
0x000007fefe980000 - 0x000007fefe988000 	C:\Windows\system32\NSI.dll
0x000007fef96d0000 - 0x000007fef970b000 	C:\Windows\system32\WINMM.dll
0x0000000077690000 - 0x0000000077697000 	C:\Windows\system32\PSAPI.DLL
0x0000000071d60000 - 0x0000000071d6f000 	C:\Program Files\Java\jdk1.8.0_31\jre\bin\verify.dll
0x00000000530a0000 - 0x00000000530c8000 	C:\Program Files\Java\jdk1.8.0_31\jre\bin\java.dll
0x0000000053080000 - 0x0000000053096000 	C:\Program Files\Java\jdk1.8.0_31\jre\bin\zip.dll
0x000007fefd990000 - 0x000007fefe717000 	C:\Windows\system32\SHELL32.dll
0x000007fefcfc0000 - 0x000007fefd1c2000 	C:\Windows\system32\ole32.dll
0x000007fefc920000 - 0x000007fefc92f000 	C:\Windows\system32\profapi.dll
0x000007fefb0d0000 - 0x000007fefb0e0000 	C:\Program Files (x86)\JetBrains\IntelliJ IDEA Community Edition 14.0.2\bin\breakgen64.dll
0x0000000053060000 - 0x000000005307a000 	C:\Program Files\Java\jdk1.8.0_31\jre\bin\net.dll
0x0000000180000000 - 0x00000001800bc000 	C:\Windows\system32\BfLLR.dll
0x000007fefbb20000 - 0x000007fefbb47000 	C:\Windows\system32\IPHLPAPI.DLL
0x000007fefbb10000 - 0x000007fefbb1b000 	C:\Windows\system32\WINNSI.DLL
0x000007fefc150000 - 0x000007fefc1a4000 	C:\Windows\system32\mswsock.dll
0x000007fefc140000 - 0x000007fefc147000 	C:\Windows\System32\wship6.dll
0x0000000065580000 - 0x000000006561b000 	C:\Users\Tobias\AppData\Local\Temp\libgdxTobias\40753fbd\gdx64.dll
0x000007fefc1b0000 - 0x000007fefc1c7000 	C:\Windows\system32\CRYPTSP.dll
0x000007fefbeb0000 - 0x000007fefbef7000 	C:\Windows\system32\rsaenh.dll
0x000007fefbc60000 - 0x000007fefbc7e000 	C:\Windows\system32\USERENV.dll
0x000007fefc850000 - 0x000007fefc85f000 	C:\Windows\system32\CRYPTBASE.dll
0x000007fef9cd0000 - 0x000007fef9ce1000 	C:\Windows\system32\dhcpcsvc6.DLL
0x000007fef9c50000 - 0x000007fef9c68000 	C:\Windows\system32\dhcpcsvc.DLL
0x0000000052500000 - 0x0000000052511000 	C:\Program Files\Java\jdk1.8.0_31\jre\bin\nio.dll
0x00000000023d0000 - 0x0000000002421000 	C:\Users\Tobias\AppData\Local\Temp\libgdxTobias\ccd07a7a\lwjgl64.dll
0x000007fee8cc0000 - 0x000007fee8ddd000 	C:\Windows\system32\OPENGL32.dll
0x000007fef7800000 - 0x000007fef782d000 	C:\Windows\system32\GLU32.dll
0x000007fee95f0000 - 0x000007fee96e1000 	C:\Windows\system32\DDRAW.dll
0x000007fefb0b0000 - 0x000007fefb0b8000 	C:\Windows\system32\DCIMAN32.dll
0x000007fefd7b0000 - 0x000007fefd987000 	C:\Windows\system32\SETUPAPI.dll
0x000007fefca50000 - 0x000007fefca86000 	C:\Windows\system32\CFGMGR32.dll
0x000007fefcce0000 - 0x000007fefcdb7000 	C:\Windows\system32\OLEAUT32.dll
0x000007fefca30000 - 0x000007fefca4a000 	C:\Windows\system32\DEVOBJ.dll
0x000007fefae50000 - 0x000007fefae68000 	C:\Windows\system32\dwmapi.dll
0x000007fefba20000 - 0x000007fefba2c000 	C:\Windows\system32\VERSION.dll
0x0000000012b30000 - 0x0000000012b94000 	C:\Users\Tobias\AppData\Local\Temp\libgdxTobias\ccd07a7a\OpenAL64.dll
0x000007fefaec0000 - 0x000007fefaf16000 	C:\Windows\system32\uxtheme.dll
0x000007feea060000 - 0x000007feea0a8000 	C:\Program Files (x86)\TeamViewer\Version9\tv_x64.dll
0x000007fefcdc0000 - 0x000007fefce59000 	C:\Windows\system32\CLBCatQ.DLL
0x000007fefb130000 - 0x000007fefb25c000 	C:\Windows\System32\PROPSYS.dll
0x000007fefcb30000 - 0x000007fefcb69000 	C:\Windows\system32\WINTRUST.dll
0x000007fefcb70000 - 0x000007fefccda000 	C:\Windows\system32\CRYPT32.dll
0x000007fefe910000 - 0x000007fefe91f000 	C:\Windows\system32\MSASN1.dll
0x000007fef3d50000 - 0x000007fef3dd8000 	C:\Windows\system32\dsound.dll
0x000007fefb670000 - 0x000007fefb69c000 	C:\Windows\system32\POWRPROF.dll
0x000007fefb260000 - 0x000007fefb2ab000 	C:\Windows\System32\MMDevApi.dll
0x000007fef49d0000 - 0x000007fef4a1f000 	C:\Windows\system32\AUDIOSES.DLL
0x0000000068710000 - 0x000000006a55a000 	C:\Windows\system32\nvoglv64.DLL
0x000007fefbbf0000 - 0x000007fefbc01000 	C:\Windows\system32\WTSAPI32.dll
0x000007fefb100000 - 0x000007fefb12d000 	C:\Windows\system32\ntmarta.dll
0x000007fefd590000 - 0x000007fefd5e0000 	C:\Windows\system32\WLDAP32.dll
0x000007fefc3c0000 - 0x000007fefc3fd000 	C:\Windows\system32\WINSTA.dll
0x000007fef9710000 - 0x000007fef97ac000 	C:\Windows\system32\mscms.dll
0x000007fef2e80000 - 0x000007fef2ec2000 	C:\Windows\system32\icm32.dll
0x0000000066bc0000 - 0x0000000066c7b000 	C:\Users\Tobias\AppData\Local\Temp\libgdxTobias\327fdd8a\gdx-box2d64.dll
0x000007fefaf20000 - 0x000007fefb045000 	C:\Windows\system32\dbghelp.dll

VM Arguments:
jvm_args: -Didea.launcher.port=7537 -Didea.launcher.bin.path=C:\Program Files (x86)\JetBrains\IntelliJ IDEA Community Edition 14.0.2\bin -Dfile.encoding=UTF-8 
java_command: com.intellij.rt.execution.application.AppMain com.technohest.java.MainDesktop
java_class_path (initial): C:\Program Files\Java\jdk1.8.0_31\jre\lib\charsets.jar;C:\Program Files\Java\jdk1.8.0_31\jre\lib\deploy.jar;C:\Program Files\Java\jdk1.8.0_31\jre\lib\javaws.jar;C:\Program Files\Java\jdk1.8.0_31\jre\lib\jce.jar;C:\Program Files\Java\jdk1.8.0_31\jre\lib\jfr.jar;C:\Program Files\Java\jdk1.8.0_31\jre\lib\jfxswt.jar;C:\Program Files\Java\jdk1.8.0_31\jre\lib\jsse.jar;C:\Program Files\Java\jdk1.8.0_31\jre\lib\management-agent.jar;C:\Program Files\Java\jdk1.8.0_31\jre\lib\plugin.jar;C:\Program Files\Java\jdk1.8.0_31\jre\lib\resources.jar;C:\Program Files\Java\jdk1.8.0_31\jre\lib\rt.jar;C:\Program Files\Java\jdk1.8.0_31\jre\lib\ext\access-bridge-64.jar;C:\Program Files\Java\jdk1.8.0_31\jre\lib\ext\cldrdata.jar;C:\Program Files\Java\jdk1.8.0_31\jre\lib\ext\dnsns.jar;C:\Program Files\Java\jdk1.8.0_31\jre\lib\ext\jaccess.jar;C:\Program Files\Java\jdk1.8.0_31\jre\lib\ext\jfxrt.jar;C:\Program Files\Java\jdk1.8.0_31\jre\lib\ext\localedata.jar;C:\Program Files\Java\jdk1.8.0_31\jre\lib\ext\nashorn.jar;C:\Program Files\Java\jdk1.8.0_31\jre\lib\ext\sunec.jar;C:\Program Files\Java\jdk1.8.0_31\jre\lib\ext\sunjce_provider.jar;C:\Program Files\Java\jdk1.8.0_31\jre\lib\ext\sunmscapi.jar;C:\Program Files\Java\jdk1.8.0_31\jre\lib\ext\sunpkcs11.jar;C:\Program Files\Java\jdk1.8.0_31\jre\lib\ext\zipfs.jar;C:\Users\Tobias\.dev\RidiculousRumbleRoyale\desktop\target\classes;C:\Users\Tobias\.dev\RidiculousRumbleRoyale\core\target\classes;C:\Users\Tobias\.m2\repository\junit\junit\4.11\junit-4.11.jar;C:\Users\Tobias\.m2\repository\org\hamcrest\hamcrest-core\1.3\hamcrest-core-1.3.jar;C:\Users\Tobias\.m2\repository\org\codehaus\groovy\groovy-all\2.4.3\groovy-all-2.4.3.jar;C:\Users\Tobias\.m2\repository\com\esotericsoftware\kryonet\2.22.0-RC1\kryonet-2.22.0-RC1.jar;C:\Users\Tobias\.m2\repository\com\esotericsoftware\kryo\kryo\2.24.0\kryo-2.24.0.jar;C:\Users\Tobias\.m2\repository\com\esotericsoftware\minlog\minlog\1.2\minlog-1.2.jar;C:\Users\Tobias\.m2\repository\org\objene
Launcher Type: SUN_STANDARD

Environment Variables:
PATH=C:\ProgramData\Oracle\Java\javapath;C:\Program Files (x86)\Common Files\Microsoft Shared\Windows Live;C:\Program Files (x86)\Intel\iCLS Client\;C:\Program Files\Intel\iCLS Client\;C:\Windows\system32;C:\Windows;C:\Windows\System32\Wbem;C:\Windows\System32\WindowsPowerShell\v1.0\;C:\Program Files (x86)\QuickTime\QTSystem\;C:\Program Files\Intel\Intel(R) Management Engine Components\DAL;C:\Program Files (x86)\Intel\Intel(R) Management Engine Components\DAL;C:\Program Files\Intel\Intel(R) Management Engine Components\IPT;C:\Program Files (x86)\Intel\Intel(R) Management Engine Components\IPT;C:\Program Files\MATLAB\R2014b\bin;C:\Program Files (x86)\Skype\Phone\;C:\Program Files (x86)\NVIDIA Corporation\PhysX\Common;C:\Program Files\Common Files\Microsoft Shared\Windows Live
USERNAME=Tobias
OS=Windows_NT
PROCESSOR_IDENTIFIER=Intel64 Family 6 Model 60 Stepping 3, GenuineIntel



---------------  S Y S T E M  ---------------

OS: Windows 7 , 64 bit Build 7600 

CPU:total 4 (4 cores per cpu, 1 threads per core) family 6 model 60 stepping 3, cmov, cx8, fxsr, mmx, sse, sse2, sse3, ssse3, sse4.1, sse4.2, popcnt, aes, clmul, erms, lzcnt, tsc, tscinvbit, bmi1, bmi2

Memory: 4k page, physical 16727876k(10527580k free), swap 33453856k(25383480k free)

vm_info: Java HotSpot(TM) 64-Bit Server VM (25.31-b07) for windows-amd64 JRE (1.8.0_31-b13), built on Dec 17 2014 21:00:28 by "java_re" with MS VC++ 10.0 (VS2010)

time: Tue May 26 09:10:50 2015
elapsed time: 68 seconds (0d 0h 1m 8s)

