#
# A fatal error has been detected by the Java Runtime Environment:
#
#  EXCEPTION_ACCESS_VIOLATION (0xc0000005) at pc=0x00000000022418c4, pid=1640, tid=3672
#
# JRE version: Java(TM) SE Runtime Environment (8.0_25-b18) (build 1.8.0_25-b18)
# Java VM: Java HotSpot(TM) 64-Bit Server VM (25.25-b02 mixed mode windows-amd64 compressed oops)
# Problematic frame:
# j  com.badlogic.gdx.physics.box2d.World.contactFilter(JJ)Z+16
#
# Failed to write core dump. Minidumps are not enabled by default on client versions of Windows
#
# If you would like to submit a bug report, please visit:
#   http://bugreport.sun.com/bugreport/crash.jsp
# The crash happened outside the Java Virtual Machine in native code.
# See problematic frame for where to report the bug.
#

---------------  T H R E A D  ---------------

Current thread (0x0000000019736800):  JavaThread "Thread-3" [_thread_in_vm, id=3672, stack(0x000000001e390000,0x000000001e490000)]

siginfo: ExceptionCode=0xc0000005, reading address 0x000000000000000d

Registers:
RAX=0x0000000000000000, RBX=0x0000000000000007, RCX=0x0000000000000005, RDX=0x0000000070000003
RSP=0x000000001e48e8e0, RBP=0x000000001e48e948, RSI=0x0000000019736800, RDI=0x00000000ffffffff
R8 =0x000000001e48ed70, R9 =0x00000000000000cb, R10=0x0000000076ba6260, R11=0x0000000000000005
R12=0x0000000000000000, R13=0x0000000016ae8a68, R14=0x000000001e48e990, R15=0x0000000019736800
RIP=0x00000000022418c4, EFLAGS=0x0000000000010246

Top of Stack: (sp=0x000000001e48e8e0)
0x000000001e48e8e0:   00000000022277b0 000000001da3aa60
0x000000001e48e8f0:   0000000016ae8b48 0000000000000005
0x000000001e48e900:   0000000020000a17 000000001e48e908
0x000000001e48e910:   0000000016ae8a68 000000001e48e990
0x000000001e48e920:   0000000016af7308 0000000000000000
0x000000001e48e930:   0000000016ae8b48 0000000000000000
0x000000001e48e940:   000000001e48e970 000000001e48ea70
0x000000001e48e950:   000000000222061a 0000000000000000
0x000000001e48e960:   0000000000000000 0000000000000000
0x000000001e48e970:   000000001da47c90 0000000000000000
0x000000001e48e980:   000000001da3aa60 0000000000000000
0x000000001e48e990:   00000000d5dcdaf0 0000000000000000
0x000000001e48e9a0:   0000000000000000 0000000000000000
0x000000001e48e9b0:   0000000000000000 0000000000000000
0x000000001e48e9c0:   0000000000000000 0000000000000000
0x000000001e48e9d0:   0000000000000000 0000000000000000 

Instructions: (pc=0x00000000022418c4)
0x00000000022418a4:   10 4c 8b 68 d8 41 83 ed 04 41 c1 e5 03 49 03 c5
0x00000000022418b4:   48 89 45 e0 4c 8d 6c 24 08 4c 89 6d f0 ff 63 50
0x00000000022418c4:   8b 41 08 48 c1 e0 03 4c 8b 75 e0 4d 85 f6 0f 84
0x00000000022418d4:   95 00 00 00 49 8b 56 10 48 3b d0 0f 85 0f 00 00 


Register to memory mapping:

RAX=0x0000000000000000 is an unknown value
RBX=0x0000000000000007 is an unknown value
RCX=0x0000000000000005 is an unknown value
RDX=0x0000000070000003 is an unknown value
RSP=0x000000001e48e8e0 is pointing into the stack for thread: 0x0000000019736800
RBP=0x000000001e48e948 is pointing into the stack for thread: 0x0000000019736800
RSI=0x0000000019736800 is a thread
RDI=0x00000000ffffffff is an unallocated location in the heap
R8 =0x000000001e48ed70 is pointing into the stack for thread: 0x0000000019736800
R9 =0x00000000000000cb is an unknown value
R10=0x0000000076ba6260 is an unknown value
R11=0x0000000000000005 is an unknown value
R12=0x0000000000000000 is an unknown value
R13=0x0000000016ae8a68 is pointing into metadata
R14=0x000000001e48e990 is pointing into the stack for thread: 0x0000000019736800
R15=0x0000000019736800 is a thread


Stack: [0x000000001e390000,0x000000001e490000],  sp=0x000000001e48e8e0,  free space=1018k
Native frames: (J=compiled Java code, j=interpreted, Vv=VM code, C=native code)
C  0x00000000022418c4


---------------  P R O C E S S  ---------------

Java Threads: ( => current thread )
=>0x0000000019736800 JavaThread "Thread-3" [_thread_in_native, id=3672, stack(0x000000001e390000,0x000000001e490000)]
  0x0000000019736000 JavaThread "Thread-2" [_thread_in_Java, id=3596, stack(0x000000001d4c0000,0x000000001d5c0000)]
  0x000000001960a800 JavaThread "Client" daemon [_thread_in_native, id=4908, stack(0x000000001bfc0000,0x000000001c0c0000)]
  0x000000001964b000 JavaThread "Server" [_thread_in_native, id=3484, stack(0x000000001bec0000,0x000000001bfc0000)]
  0x000000001955f800 JavaThread "LWJGL Timer" daemon [_thread_blocked, id=952, stack(0x000000001b9c0000,0x000000001bac0000)]
  0x0000000002062800 JavaThread "DestroyJavaVM" [_thread_blocked, id=5864, stack(0x00000000007b0000,0x00000000008b0000)]
  0x00000000188b5000 JavaThread "LWJGL Application" [_thread_blocked, id=5344, stack(0x000000001a090000,0x000000001a190000)]
  0x000000001879d000 JavaThread "Monitor Ctrl-Break" daemon [_thread_in_native, id=6528, stack(0x0000000018c30000,0x0000000018d30000)]
  0x000000001855b000 JavaThread "Service Thread" daemon [_thread_blocked, id=3664, stack(0x0000000018a30000,0x0000000018b30000)]
  0x0000000016e1b800 JavaThread "C1 CompilerThread2" daemon [_thread_blocked, id=4240, stack(0x0000000018930000,0x0000000018a30000)]
  0x0000000016e16000 JavaThread "C2 CompilerThread1" daemon [_thread_blocked, id=7000, stack(0x0000000018430000,0x0000000018530000)]
  0x0000000016dce000 JavaThread "C2 CompilerThread0" daemon [_thread_blocked, id=7632, stack(0x0000000018330000,0x0000000018430000)]
  0x0000000016dcc800 JavaThread "Attach Listener" daemon [_thread_blocked, id=5504, stack(0x0000000018230000,0x0000000018330000)]
  0x0000000016dcb000 JavaThread "Signal Dispatcher" daemon [_thread_blocked, id=5768, stack(0x0000000018130000,0x0000000018230000)]
  0x0000000002158000 JavaThread "Finalizer" daemon [_thread_blocked, id=6412, stack(0x0000000018030000,0x0000000018130000)]
  0x000000000214f000 JavaThread "Reference Handler" daemon [_thread_blocked, id=5008, stack(0x0000000017f30000,0x0000000018030000)]

Other Threads:
  0x0000000016d95800 VMThread [stack: 0x0000000017e30000,0x0000000017f30000] [id=1228]
  0x000000001855e800 WatcherThread [stack: 0x0000000018b30000,0x0000000018c30000] [id=5848]

VM state:not at safepoint (normal execution)

VM Mutex/Monitor currently owned by a thread: None

Heap:
 PSYoungGen      total 38400K, used 9959K [0x00000000d5980000, 0x00000000d8400000, 0x0000000100000000)
  eden space 33280K, 14% used [0x00000000d5980000,0x00000000d5e3c9f0,0x00000000d7a00000)
  from space 5120K, 99% used [0x00000000d7a00000,0x00000000d7efd458,0x00000000d7f00000)
  to   space 5120K, 0% used [0x00000000d7f00000,0x00000000d7f00000,0x00000000d8400000)
 ParOldGen       total 87552K, used 1826K [0x0000000080c00000, 0x0000000086180000, 0x00000000d5980000)
  object space 87552K, 2% used [0x0000000080c00000,0x0000000080dc8b20,0x0000000086180000)
 Metaspace       used 10581K, capacity 10691K, committed 10880K, reserved 1058816K
  class space    used 1077K, capacity 1112K, committed 1152K, reserved 1048576K

Card table byte_map: [0x00000000115e0000,0x00000000119e0000] byte_map_base: 0x00000000111da000

Marking Bits: (ParMarkBitMap*) 0x0000000076bbd490
 Begin Bits: [0x0000000012090000, 0x0000000014060000)
 End Bits:   [0x0000000014060000, 0x0000000016030000)

Polling page: 0x0000000000620000

CodeCache: size=245760Kb used=4021Kb max_used=4021Kb free=241738Kb
 bounds [0x0000000002220000, 0x0000000002610000, 0x0000000011220000]
 total_blobs=1667 nmethods=1147 adapters=434
 compilation: enabled

Compilation events (10 events):
Event: 32.024 Thread 0x0000000016e1b800 1142       1       com.badlogic.gdx.graphics.g2d.TextureRegion::getV2 (5 bytes)
Event: 32.024 Thread 0x0000000016e1b800 nmethod 1142 0x000000000260c610 code [0x000000000260c760, 0x000000000260c870]
Event: 32.024 Thread 0x0000000016e1b800 1143       1       com.badlogic.gdx.graphics.g2d.TextureRegion::getU2 (5 bytes)
Event: 32.024 Thread 0x0000000016e1b800 nmethod 1143 0x000000000260c8d0 code [0x000000000260ca20, 0x000000000260cb30]
Event: 32.024 Thread 0x0000000016e1b800 1144       1       com.badlogic.gdx.graphics.g2d.TextureRegion::getV (5 bytes)
Event: 32.024 Thread 0x0000000016e1b800 nmethod 1144 0x000000000260cb90 code [0x000000000260cce0, 0x000000000260cdf0]
Event: 32.028 Thread 0x0000000016e1b800 1145       3       com.badlogic.gdx.backends.lwjgl.LwjglGL20::glUseProgram (5 bytes)
Event: 32.029 Thread 0x0000000016e1b800 nmethod 1145 0x000000000260ce50 code [0x000000000260d040, 0x000000000260d7b8]
Event: 32.029 Thread 0x0000000016e1b800 1146       3       org.lwjgl.opengl.GL20::glUseProgram (19 bytes)
Event: 32.029 Thread 0x0000000016e1b800 nmethod 1146 0x000000000260dc50 code [0x000000000260de20, 0x000000000260e518]

GC Heap History (2 events):
Event: 4.550 GC heap before
{Heap before GC invocations=1 (full 0):
 PSYoungGen      total 38400K, used 33280K [0x00000000d5980000, 0x00000000d8400000, 0x0000000100000000)
  eden space 33280K, 100% used [0x00000000d5980000,0x00000000d7a00000,0x00000000d7a00000)
  from space 5120K, 0% used [0x00000000d7f00000,0x00000000d7f00000,0x00000000d8400000)
  to   space 5120K, 0% used [0x00000000d7a00000,0x00000000d7a00000,0x00000000d7f00000)
 ParOldGen       total 87552K, used 0K [0x0000000080c00000, 0x0000000086180000, 0x00000000d5980000)
  object space 87552K, 0% used [0x0000000080c00000,0x0000000080c00000,0x0000000086180000)
 Metaspace       used 9794K, capacity 9887K, committed 10112K, reserved 1058816K
  class space    used 989K, capacity 1034K, committed 1152K, reserved 1048576K
Event: 4.555 GC heap after
Heap after GC invocations=1 (full 0):
 PSYoungGen      total 38400K, used 5109K [0x00000000d5980000, 0x00000000d8400000, 0x0000000100000000)
  eden space 33280K, 0% used [0x00000000d5980000,0x00000000d5980000,0x00000000d7a00000)
  from space 5120K, 99% used [0x00000000d7a00000,0x00000000d7efd458,0x00000000d7f00000)
  to   space 5120K, 0% used [0x00000000d7f00000,0x00000000d7f00000,0x00000000d8400000)
 ParOldGen       total 87552K, used 1826K [0x0000000080c00000, 0x0000000086180000, 0x00000000d5980000)
  object space 87552K, 2% used [0x0000000080c00000,0x0000000080dc8b20,0x0000000086180000)
 Metaspace       used 9794K, capacity 9887K, committed 10112K, reserved 1058816K
  class space    used 989K, capacity 1034K, committed 1152K, reserved 1048576K
}

Deoptimization events (0 events):
No events

Internal exceptions (10 events):
Event: 12.626 Thread 0x000000001960a800 Exception <a 'java/security/PrivilegedActionException'> (0x00000000d5cedf50) thrown at [D:\re\workspace\8-2-build-windows-amd64-cygwin\jdk8u25\1677\hotspot\src\share\vm\prims\jvm.cpp, line 1312]
Event: 31.996 Thread 0x000000001964b000 Exception <a 'java/security/PrivilegedActionException'> (0x00000000d5d208e8) thrown at [D:\re\workspace\8-2-build-windows-amd64-cygwin\jdk8u25\1677\hotspot\src\share\vm\prims\jvm.cpp, line 1312]
Event: 31.997 Thread 0x000000001960a800 Exception <a 'java/security/PrivilegedActionException'> (0x00000000d5cf19c8) thrown at [D:\re\workspace\8-2-build-windows-amd64-cygwin\jdk8u25\1677\hotspot\src\share\vm\prims\jvm.cpp, line 1312]
Event: 31.997 Thread 0x000000001960a800 Exception <a 'java/security/PrivilegedActionException'> (0x00000000d5cf8990) thrown at [D:\re\workspace\8-2-build-windows-amd64-cygwin\jdk8u25\1677\hotspot\src\share\vm\prims\jvm.cpp, line 1312]
Event: 32.010 Thread 0x00000000188b5000 Exception <a 'java/security/PrivilegedActionException'> (0x00000000d5bb00a8) thrown at [D:\re\workspace\8-2-build-windows-amd64-cygwin\jdk8u25\1677\hotspot\src\share\vm\prims\jvm.cpp, line 1312]
Event: 32.014 Thread 0x00000000188b5000 Exception <a 'java/security/PrivilegedActionException'> (0x00000000d5bb8e28) thrown at [D:\re\workspace\8-2-build-windows-amd64-cygwin\jdk8u25\1677\hotspot\src\share\vm\prims\jvm.cpp, line 1312]
Event: 32.031 Thread 0x0000000019736800 Exception <a 'java/lang/StackOverflowError'> (0x00000000d5dcdad0) thrown at [D:\re\workspace\8-2-build-windows-amd64-cygwin\jdk8u25\1677\hotspot\src\share\vm\runtime\javaCalls.cpp, line 382]
Event: 32.031 Thread 0x0000000019736800 Exception <a 'java/lang/StackOverflowError'> (0x00000000d5dcdaf0) thrown at [D:\re\workspace\8-2-build-windows-amd64-cygwin\jdk8u25\1677\hotspot\src\share\vm\runtime\javaCalls.cpp, line 382]
Event: 32.031 Thread 0x0000000019736800 Exception <a 'java/lang/StackOverflowError'> (0x00000000d5dcdb10) thrown at [D:\re\workspace\8-2-build-windows-amd64-cygwin\jdk8u25\1677\hotspot\src\share\vm\runtime\javaCalls.cpp, line 382]
Event: 32.031 Thread 0x0000000019736800 Exception <a 'java/lang/StackOverflowError'> (0x00000000d5dcdb30) thrown at [D:\re\workspace\8-2-build-windows-amd64-cygwin\jdk8u25\1677\hotspot\src\share\vm\runtime\javaCalls.cpp, line 382]

Events (10 events):
Event: 31.997 loading class com/technohest/core/network/Packet$Packet0StartConstructorAccess done
Event: 31.999 Thread 0x0000000019736800 Thread added: 0x0000000019736800
Event: 32.004 Thread 0x0000000019736000 DEOPT PACKING pc=0x00000000026088d0 sp=0x000000001d5bf2a0
Event: 32.004 Thread 0x0000000019736000 DEOPT UNPACKING pc=0x00000000022675bf sp=0x000000001d5bf070 mode 0
Event: 32.005 Thread 0x0000000019736800 DEOPT PACKING pc=0x00000000026088d0 sp=0x000000001e48f2d0
Event: 32.005 Thread 0x0000000019736800 DEOPT UNPACKING pc=0x00000000022675bf sp=0x000000001e48f0a0 mode 0
Event: 32.010 loading class com/badlogic/gdx/maps/tiled/tiles/AnimatedTiledMapTile
Event: 32.010 loading class com/badlogic/gdx/maps/tiled/tiles/AnimatedTiledMapTile done
Event: 32.014 loading class com/badlogic/gdx/graphics/glutils/ShapeRenderer$ShapeType
Event: 32.014 loading class com/badlogic/gdx/graphics/glutils/ShapeRenderer$ShapeType done


Dynamic libraries:
0x00007ff781520000 - 0x00007ff781554000 	C:\Program Files\Java\jdk1.8.0_25\bin\java.exe
0x00007ff958850000 - 0x00007ff9589fc000 	C:\WINDOWS\SYSTEM32\ntdll.dll
0x00007ff957d10000 - 0x00007ff957e4e000 	C:\WINDOWS\system32\KERNEL32.DLL
0x00007ff955a70000 - 0x00007ff955b85000 	C:\WINDOWS\system32\KERNELBASE.dll
0x00007ff954540000 - 0x00007ff9545ce000 	C:\WINDOWS\system32\apphelp.dll
0x00007ff947b60000 - 0x00007ff947bb3000 	C:\WINDOWS\AppPatch\AppPatch64\AcGenral.DLL
0x00007ff956050000 - 0x00007ff9560fa000 	C:\WINDOWS\system32\msvcrt.dll
0x00007ff955840000 - 0x00007ff95586e000 	C:\WINDOWS\SYSTEM32\SspiCli.dll
0x00007ff957e50000 - 0x00007ff957ea4000 	C:\WINDOWS\system32\SHLWAPI.dll
0x00007ff958290000 - 0x00007ff958407000 	C:\WINDOWS\system32\USER32.dll
0x00007ff9584d0000 - 0x00007ff958664000 	C:\WINDOWS\system32\ole32.dll
0x00007ff9565d0000 - 0x00007ff957ae8000 	C:\WINDOWS\system32\SHELL32.dll
0x00007ff954fc0000 - 0x00007ff954fe1000 	C:\WINDOWS\SYSTEM32\USERENV.dll
0x00007ff955fa0000 - 0x00007ff95604a000 	C:\WINDOWS\system32\ADVAPI32.dll
0x00007ff948df0000 - 0x00007ff948e0e000 	C:\WINDOWS\SYSTEM32\MPR.dll
0x00007ff956100000 - 0x00007ff956241000 	C:\WINDOWS\system32\RPCRT4.dll
0x00007ff958680000 - 0x00007ff9586d9000 	C:\WINDOWS\SYSTEM32\sechost.dll
0x00007ff957af0000 - 0x00007ff957d01000 	C:\WINDOWS\SYSTEM32\combase.dll
0x00007ff958130000 - 0x00007ff958281000 	C:\WINDOWS\system32\GDI32.dll
0x00007ff9559a0000 - 0x00007ff9559b5000 	C:\WINDOWS\SYSTEM32\profapi.dll
0x00007ff953ef0000 - 0x00007ff953fa2000 	C:\WINDOWS\SYSTEM32\SHCORE.dll
0x00007ff958420000 - 0x00007ff958456000 	C:\WINDOWS\system32\IMM32.DLL
0x00007ff9586f0000 - 0x00007ff958842000 	C:\WINDOWS\system32\MSCTF.dll
0x00007ff953670000 - 0x00007ff9538eb000 	C:\WINDOWS\WinSxS\amd64_microsoft.windows.common-controls_6595b64144ccf1df_6.0.9600.17784_none_624760d1ecb7236e\COMCTL32.dll
0x0000000076c40000 - 0x0000000076d12000 	C:\Program Files\Java\jdk1.8.0_25\jre\bin\msvcr100.dll
0x00000000763e0000 - 0x0000000076c3a000 	C:\Program Files\Java\jdk1.8.0_25\jre\bin\server\jvm.dll
0x00007ff9522b0000 - 0x00007ff9522b9000 	C:\WINDOWS\SYSTEM32\WSOCK32.dll
0x00007ff951e50000 - 0x00007ff951e72000 	C:\WINDOWS\SYSTEM32\WINMM.dll
0x00007ff958670000 - 0x00007ff958677000 	C:\WINDOWS\system32\PSAPI.DLL
0x00007ff956250000 - 0x00007ff9562aa000 	C:\WINDOWS\system32\WS2_32.dll
0x00007ff951de0000 - 0x00007ff951e0a000 	C:\WINDOWS\SYSTEM32\WINMMBASE.dll
0x00007ff9586e0000 - 0x00007ff9586e9000 	C:\WINDOWS\system32\NSI.dll
0x00007ff955e80000 - 0x00007ff955ecf000 	C:\WINDOWS\SYSTEM32\cfgmgr32.dll
0x00007ff9547c0000 - 0x00007ff9547e8000 	C:\WINDOWS\SYSTEM32\DEVOBJ.dll
0x0000000050000000 - 0x000000005000f000 	C:\Program Files\Java\jdk1.8.0_25\jre\bin\verify.dll
0x00000000763b0000 - 0x00000000763d8000 	C:\Program Files\Java\jdk1.8.0_25\jre\bin\java.dll
0x0000000076390000 - 0x00000000763a6000 	C:\Program Files\Java\jdk1.8.0_25\jre\bin\zip.dll
0x00007ff951a60000 - 0x00007ff951a70000 	C:\Program Files (x86)\JetBrains\IntelliJ IDEA 14.1.1\bin\breakgen64.dll
0x0000000076370000 - 0x000000007638a000 	C:\Program Files\Java\jdk1.8.0_25\jre\bin\net.dll
0x00007ff955280000 - 0x00007ff9552d9000 	C:\WINDOWS\system32\mswsock.dll
0x0000000065580000 - 0x000000006561b000 	C:\Users\time\AppData\Local\Temp\libgdxtime\40753fbd\gdx64.dll
0x00007ff9552e0000 - 0x00007ff955300000 	C:\WINDOWS\SYSTEM32\CRYPTSP.dll
0x00007ff954eb0000 - 0x00007ff954ee6000 	C:\WINDOWS\system32\rsaenh.dll
0x00007ff955530000 - 0x00007ff955556000 	C:\WINDOWS\SYSTEM32\bcrypt.dll
0x00007ff955870000 - 0x00007ff9558d3000 	C:\WINDOWS\system32\bcryptprimitives.dll
0x00007ff9558e0000 - 0x00007ff9558eb000 	C:\WINDOWS\SYSTEM32\CRYPTBASE.dll
0x00007ff94f3a0000 - 0x00007ff94f3ca000 	C:\WINDOWS\SYSTEM32\IPHLPAPI.DLL
0x00007ff94f560000 - 0x00007ff94f56a000 	C:\WINDOWS\SYSTEM32\WINNSI.DLL
0x00007ff94f1e0000 - 0x00007ff94f1f6000 	C:\WINDOWS\SYSTEM32\dhcpcsvc6.DLL
0x00007ff94ef90000 - 0x00007ff94efaa000 	C:\WINDOWS\SYSTEM32\dhcpcsvc.DLL
0x0000000076350000 - 0x0000000076361000 	C:\Program Files\Java\jdk1.8.0_25\jre\bin\nio.dll
0x0000000180000000 - 0x0000000180051000 	C:\Users\time\AppData\Local\Temp\libgdxtime\ccd07a7a\lwjgl64.dll
0x00007ff9410b0000 - 0x00007ff9411db000 	C:\WINDOWS\SYSTEM32\OPENGL32.dll
0x00007ff952330000 - 0x00007ff95233a000 	C:\WINDOWS\SYSTEM32\VERSION.dll
0x00007ff946a00000 - 0x00007ff946a2e000 	C:\WINDOWS\SYSTEM32\GLU32.dll
0x00007ff941c70000 - 0x00007ff941d68000 	C:\WINDOWS\SYSTEM32\DDRAW.dll
0x00007ff9515e0000 - 0x00007ff9515e9000 	C:\WINDOWS\SYSTEM32\DCIMAN32.dll
0x0000000002160000 - 0x00000000021c4000 	C:\Users\time\AppData\Local\Temp\libgdxtime\ccd07a7a\OpenAL64.dll
0x00007ff954790000 - 0x00007ff95479b000 	C:\WINDOWS\SYSTEM32\kernel.appcore.dll
0x00007ff954610000 - 0x00007ff954739000 	C:\WINDOWS\system32\uxtheme.dll
0x00007ff9502f0000 - 0x00007ff95039b000 	C:\Program Files\Common Files\microsoft shared\ink\tiptsf.dll
0x00007ff957eb0000 - 0x00007ff957f71000 	C:\WINDOWS\system32\OLEAUT32.dll
0x00007ff956510000 - 0x00007ff9565c6000 	C:\WINDOWS\SYSTEM32\clbcatq.dll
0x00007ff943120000 - 0x00007ff9431bd000 	C:\WINDOWS\SYSTEM32\dsound.dll
0x00007ff954ff0000 - 0x00007ff955036000 	C:\WINDOWS\SYSTEM32\POWRPROF.dll
0x00007ff9522c0000 - 0x00007ff952330000 	C:\WINDOWS\System32\MMDevApi.dll
0x00007ff949ed0000 - 0x00007ff949f4e000 	C:\WINDOWS\SYSTEM32\AUDIOSES.DLL
0x00007ff953cf0000 - 0x00007ff953d11000 	C:\WINDOWS\system32\dwmapi.dll
0x0000000074470000 - 0x000000007634b000 	C:\WINDOWS\SYSTEM32\nvoglv64.DLL
0x00007ff956330000 - 0x00007ff95650a000 	C:\WINDOWS\system32\SETUPAPI.dll
0x00007ff954520000 - 0x00007ff954532000 	C:\WINDOWS\SYSTEM32\WTSAPI32.dll
0x00007ff955e20000 - 0x00007ff955e71000 	C:\WINDOWS\system32\WINTRUST.dll
0x00007ff955c40000 - 0x00007ff955e1f000 	C:\WINDOWS\system32\CRYPT32.dll
0x00007ff955a50000 - 0x00007ff955a61000 	C:\WINDOWS\system32\MSASN1.dll
0x00007ff94e6f0000 - 0x00007ff94e722000 	C:\WINDOWS\SYSTEM32\ntmarta.dll
0x00007ff954c00000 - 0x00007ff954c5a000 	C:\WINDOWS\SYSTEM32\WINSTA.dll
0x00007ff9518b0000 - 0x00007ff95191a000 	C:\WINDOWS\SYSTEM32\oleacc.dll
0x00007ff951b20000 - 0x00007ff951bb2000 	C:\WINDOWS\SYSTEM32\mscms.dll
0x00007ff951fa0000 - 0x00007ff951fe1000 	C:\WINDOWS\SYSTEM32\icm32.dll
0x0000000066bc0000 - 0x0000000066c7b000 	C:\Users\time\AppData\Local\Temp\libgdxtime\327fdd8a\gdx-box2d64.dll
0x00007ff950480000 - 0x00007ff950609000 	C:\WINDOWS\SYSTEM32\dbghelp.dll

VM Arguments:
jvm_args: -Didea.launcher.port=7533 -Didea.launcher.bin.path=C:\Program Files (x86)\JetBrains\IntelliJ IDEA 14.1.1\bin -Dfile.encoding=windows-1252 
java_command: com.intellij.rt.execution.application.AppMain com.technohest.java.MainDesktop
java_class_path (initial): C:\Program Files\Java\jdk1.8.0_25\jre\lib\charsets.jar;C:\Program Files\Java\jdk1.8.0_25\jre\lib\deploy.jar;C:\Program Files\Java\jdk1.8.0_25\jre\lib\javaws.jar;C:\Program Files\Java\jdk1.8.0_25\jre\lib\jce.jar;C:\Program Files\Java\jdk1.8.0_25\jre\lib\jfr.jar;C:\Program Files\Java\jdk1.8.0_25\jre\lib\jfxswt.jar;C:\Program Files\Java\jdk1.8.0_25\jre\lib\jsse.jar;C:\Program Files\Java\jdk1.8.0_25\jre\lib\management-agent.jar;C:\Program Files\Java\jdk1.8.0_25\jre\lib\plugin.jar;C:\Program Files\Java\jdk1.8.0_25\jre\lib\resources.jar;C:\Program Files\Java\jdk1.8.0_25\jre\lib\rt.jar;C:\Program Files\Java\jdk1.8.0_25\jre\lib\ext\access-bridge-64.jar;C:\Program Files\Java\jdk1.8.0_25\jre\lib\ext\cldrdata.jar;C:\Program Files\Java\jdk1.8.0_25\jre\lib\ext\dnsns.jar;C:\Program Files\Java\jdk1.8.0_25\jre\lib\ext\jaccess.jar;C:\Program Files\Java\jdk1.8.0_25\jre\lib\ext\jfxrt.jar;C:\Program Files\Java\jdk1.8.0_25\jre\lib\ext\localedata.jar;C:\Program Files\Java\jdk1.8.0_25\jre\lib\ext\nashorn.jar;C:\Program Files\Java\jdk1.8.0_25\jre\lib\ext\sunec.jar;C:\Program Files\Java\jdk1.8.0_25\jre\lib\ext\sunjce_provider.jar;C:\Program Files\Java\jdk1.8.0_25\jre\lib\ext\sunmscapi.jar;C:\Program Files\Java\jdk1.8.0_25\jre\lib\ext\sunpkcs11.jar;C:\Program Files\Java\jdk1.8.0_25\jre\lib\ext\zipfs.jar;C:\Users\time\IdeaProjects\RidiculousRumbleRoyale\desktop\target\classes;C:\Users\time\IdeaProjects\RidiculousRumbleRoyale\core\target\classes;C:\Users\time\.m2\repository\junit\junit\4.11\junit-4.11.jar;C:\Users\time\.m2\repository\org\hamcrest\hamcrest-core\1.3\hamcrest-core-1.3.jar;C:\Users\time\.m2\repository\org\codehaus\groovy\groovy-all\2.4.3\groovy-all-2.4.3.jar;C:\Users\time\.m2\repository\com\esotericsoftware\kryonet\2.22.0-RC1\kryonet-2.22.0-RC1.jar;C:\Users\time\.m2\repository\com\esotericsoftware\kryo\kryo\2.24.0\kryo-2.24.0.jar;C:\Users\time\.m2\repository\com\esotericsoftware\minlog\minlog\1.2\minlog-1.2.jar;C:\Users\time\.m2\repository\org\objenesi
Launcher Type: SUN_STANDARD

Environment Variables:
JAVA_HOME=E:\jdk1.8.0_20
PATH=C:\Program Files (x86)\NVIDIA Corporation\PhysX\Common;C:\ProgramData\Oracle\Java\javapath;C:\Program Files (x86)\Intel\iCLS Client\;C:\Program Files\Intel\iCLS Client\;C:\WINDOWS\system32;C:\WINDOWS;C:\WINDOWS\System32\Wbem;C:\WINDOWS\System32\WindowsPowerShell\v1.0\;C:\Program Files\Intel\Intel(R) Management Engine Components\DAL;C:\Program Files\Intel\Intel(R) Management Engine Components\IPT;C:\Program Files (x86)\Intel\Intel(R) Management Engine Components\DAL;C:\Program Files (x86)\Intel\Intel(R) Management Engine Components\IPT;E:\jdk1.8.0_20\bin;C:\Program Files (x86)\Skype\Phone\
USERNAME=time
OS=Windows_NT
PROCESSOR_IDENTIFIER=Intel64 Family 6 Model 60 Stepping 3, GenuineIntel



---------------  S Y S T E M  ---------------

OS: Windows 8.1 , 64 bit Build 9600 

CPU:total 4 (4 cores per cpu, 1 threads per core) family 6 model 60 stepping 3, cmov, cx8, fxsr, mmx, sse, sse2, sse3, ssse3, sse4.1, sse4.2, popcnt, avx, avx2, aes, clmul, erms, lzcnt, tsc, tscinvbit, bmi1, bmi2

Memory: 4k page, physical 8331828k(4194332k free), swap 9642548k(4252664k free)

vm_info: Java HotSpot(TM) 64-Bit Server VM (25.25-b02) for windows-amd64 JRE (1.8.0_25-b18), built on Oct  7 2014 14:25:37 by "java_re" with MS VC++ 10.0 (VS2010)

time: Mon May 18 20:48:17 2015
elapsed time: 32 seconds (0d 0h 0m 32s)

